#
# There is insufficient memory for the Java Runtime Environment to continue.
# Native memory allocation (mmap) failed to map 266338304 bytes. Error detail: G1 virtual space
# Possible reasons:
#   The system is out of physical RAM or swap space
#   This process is running with CompressedOops enabled, and the Java Heap may be blocking the growth of the native heap
# Possible solutions:
#   Reduce memory load on the system
#   Increase physical memory or swap space
#   Check if swap backing store is full
#   Decrease Java heap size (-Xmx/-Xms)
#   Decrease number of Java threads
#   Decrease Java thread stack sizes (-Xss)
#   Set larger code cache with -XX:ReservedCodeCacheSize=
#   JVM is running with Zero Based Compressed Oops mode in which the Java heap is
#     placed in the first 32GB address space. The Java Heap base address is the
#     maximum limit for the native heap growth. Please use -XX:HeapBaseMinAddress
#     to set the Java Heap base and to place the Java Heap above 32GB virtual address.
# This output file may be truncated or incomplete.
#
#  Out of Memory Error (os_windows.cpp:3898), pid=20068, tid=7240
#
# JRE version:  (21.0.7) (build )
# Java VM: OpenJDK 64-Bit Server VM (21.0.7+-13880790-b1038.58, mixed mode, sharing, tiered, compressed oops, compressed class ptrs, g1 gc, windows-amd64)
# No core dump will be written. Minidumps are not enabled by default on client versions of Windows
#

---------------  S U M M A R Y ------------

Command Line: org.jetbrains.kotlin.cli.jvm.K2JVMCompiler @C:\Users\osama\AndroidStudioProjects\appptc\app\build\20260109_15583824896870623547.compiler.options

Host: Intel(R) Core(TM) i5-8265U CPU @ 1.60GHz, 8 cores, 15G,  Windows 11 , 64 bit Build 26100 (10.0.26100.7309)
Time: Fri Jan  9 23:46:16 2026 Egypt Standard Time elapsed time: 0.015936 seconds (0d 0h 0m 0s)

---------------  T H R E A D  ---------------

Current thread (0x000001e849c02310):  JavaThread "Unknown thread" [_thread_in_vm, id=7240, stack(0x0000004dd9e00000,0x0000004dd9f00000) (1024K)]

Stack: [0x0000004dd9e00000,0x0000004dd9f00000]
Native frames: (J=compiled Java code, j=interpreted, Vv=VM code, C=native code)
V  [jvm.dll+0x6d25c9]
V  [jvm.dll+0x860923]
V  [jvm.dll+0x862e7e]
V  [jvm.dll+0x863563]
V  [jvm.dll+0x27f156]
V  [jvm.dll+0x6ceee5]
V  [jvm.dll+0x6c29aa]
V  [jvm.dll+0x355ebb]
V  [jvm.dll+0x35db16]
V  [jvm.dll+0x3afb16]
V  [jvm.dll+0x3afde8]
V  [jvm.dll+0x32855c]
V  [jvm.dll+0x32924b]
V  [jvm.dll+0x828379]
V  [jvm.dll+0x3bcce8]
V  [jvm.dll+0x811628]
V  [jvm.dll+0x45121e]
V  [jvm.dll+0x452981]
C  [jli.dll+0x52ab]
C  [ucrtbase.dll+0x37b0]
C  [KERNEL32.DLL+0x2e8d7]
C  [ntdll.dll+0x8c53c]


---------------  P R O C E S S  ---------------

Threads class SMR info:
_java_thread_list=0x00007fffebc44888, length=0, elements={
}

Java Threads: ( => current thread )
Total: 0

Other Threads:
  0x000001e84bea14a0 WorkerThread "GC Thread#0"                     [id=16508, stack(0x0000004dd9f00000,0x0000004dda000000) (1024K)]
  0x000001e84beb2180 ConcurrentGCThread "G1 Main Marker"            [id=16344, stack(0x0000004dda000000,0x0000004dda100000) (1024K)]
  0x000001e84beb5180 WorkerThread "G1 Conc#0"                       [id=12800, stack(0x0000004dda100000,0x0000004dda200000) (1024K)]

[error occurred during error reporting (printing all threads), id 0xc0000005, EXCEPTION_ACCESS_VIOLATION (0xc0000005) at pc=0x00007fffeb43b5b7]
VM state: not at safepoint (not fully initialized)

VM Mutex/Monitor currently owned by a thread:  ([mutex/lock_event])
[0x00007fffebcb1568] Heap_lock - owner thread: 0x000001e849c02310

Heap address: 0x0000000703000000, size: 4048 MB, Compressed Oops mode: Zero based, Oop shift amount: 3

CDS archive(s) mapped at: [0x0000000000000000-0x0000000000000000-0x0000000000000000), size 0, SharedBaseAddress: 0x0000000800000000, ArchiveRelocationMode: 1.
Narrow klass base: 0x0000000000000000, Narrow klass shift: 0, Narrow klass range: 0x0

GC Precious Log:
 CardTable entry size: 512
 Card Set container configuration: InlinePtr #cards 4 size 8 Array Of Cards #cards 16 size 48 Howl #buckets 8 coarsen threshold 3686 Howl Bitmap #cards 512 size 80 coarsen threshold 460 Card regions per heap region 1 cards per card region 4096

Heap:
 garbage-first heap   total 0K, used 0K [0x0000000703000000, 0x0000000800000000)
  region size 2048K, 0 young (0K), 0 survivors (0K)
 Metaspace       used 0K, committed 0K, reserved 0K
  class space    used 0K, committed 0K, reserved 0K

Heap Regions: E=young(eden), S=young(survivor), O=old, HS=humongous(starts), HC=humongous(continues), CS=collection set, F=free, TAMS=top-at-mark-start, PB=parsable bottom

Card table byte_map: [0x000001e85eab0000,0x000001e85f2a0000] _byte_map_base: 0x000001e85b298000

Marking Bits: (CMBitMap*) 0x000001e84bea1ba0
 Bits: [0x000001e85f2a0000, 0x000001e8631e0000)

GC Heap History (0 events):
No events

Dll operation events (1 events):
Event: 0.011 Loaded shared library C:\Program Files\Android\Android Studio\jbr\bin\java.dll

Deoptimization events (0 events):
No events

Classes loaded (0 events):
No events

Classes unloaded (0 events):
No events

Classes redefined (0 events):
No events

Internal exceptions (0 events):
No events

ZGC Phase Switch (0 events):
No events

VM Operations (0 events):
No events

Memory protections (0 events):
No events

Nmethod flushes (0 events):
No events

Events (0 events):
No events


Dynamic libraries:
0x00007ff6d5760000 - 0x00007ff6d576a000 	C:\Program Files\Android\Android Studio\jbr\bin\java.exe
0x00007ff8875a0000 - 0x00007ff887807000 	C:\WINDOWS\SYSTEM32\ntdll.dll
0x00007ff8868b0000 - 0x00007ff886979000 	C:\WINDOWS\System32\KERNEL32.DLL
0x00007ff884bb0000 - 0x00007ff884f9f000 	C:\WINDOWS\System32\KERNELBASE.dll
0x00007ff8849a0000 - 0x00007ff884aeb000 	C:\WINDOWS\System32\ucrtbase.dll
0x00007ff877eb0000 - 0x00007ff877ec8000 	C:\Program Files\Android\Android Studio\jbr\bin\jli.dll
0x00007ff85b9c0000 - 0x00007ff85b9db000 	C:\Program Files\Android\Android Studio\jbr\bin\VCRUNTIME140.dll
0x00007ff887050000 - 0x00007ff887215000 	C:\WINDOWS\System32\USER32.dll
0x00007ff86b800000 - 0x00007ff86ba93000 	C:\WINDOWS\WinSxS\amd64_microsoft.windows.common-controls_6595b64144ccf1df_6.0.26100.7309_none_3e05feeae336a044\COMCTL32.dll
0x00007ff885110000 - 0x00007ff885137000 	C:\WINDOWS\System32\win32u.dll
0x00007ff885fa0000 - 0x00007ff886049000 	C:\WINDOWS\System32\msvcrt.dll
0x00007ff886b90000 - 0x00007ff886bbb000 	C:\WINDOWS\System32\GDI32.dll
0x00007ff884870000 - 0x00007ff88499c000 	C:\WINDOWS\System32\gdi32full.dll
0x00007ff885060000 - 0x00007ff885103000 	C:\WINDOWS\System32\msvcp_win.dll
0x00007ff8872a0000 - 0x00007ff8872d1000 	C:\WINDOWS\System32\IMM32.DLL
0x00007ff87d670000 - 0x00007ff87d67c000 	C:\Program Files\Android\Android Studio\jbr\bin\vcruntime140_1.dll
0x00007ff805f30000 - 0x00007ff805fbd000 	C:\Program Files\Android\Android Studio\jbr\bin\msvcp140.dll
0x00007fffeb100000 - 0x00007fffebd8e000 	C:\Program Files\Android\Android Studio\jbr\bin\server\jvm.dll
0x00007ff8874a0000 - 0x00007ff887554000 	C:\WINDOWS\System32\ADVAPI32.dll
0x00007ff886ae0000 - 0x00007ff886b86000 	C:\WINDOWS\System32\sechost.dll
0x00007ff885e80000 - 0x00007ff885f98000 	C:\WINDOWS\System32\RPCRT4.dll
0x00007ff887380000 - 0x00007ff8873f4000 	C:\WINDOWS\System32\WS2_32.dll
0x00007ff884570000 - 0x00007ff8845ce000 	C:\WINDOWS\SYSTEM32\POWRPROF.dll
0x00007ff8665e0000 - 0x00007ff866615000 	C:\WINDOWS\SYSTEM32\WINMM.dll
0x00007ff87d660000 - 0x00007ff87d66b000 	C:\WINDOWS\SYSTEM32\VERSION.dll
0x00007ff884550000 - 0x00007ff884564000 	C:\WINDOWS\SYSTEM32\UMPDC.dll
0x00007ff883460000 - 0x00007ff88347b000 	C:\WINDOWS\SYSTEM32\kernel.appcore.dll
0x00007ff877e60000 - 0x00007ff877e6a000 	C:\Program Files\Android\Android Studio\jbr\bin\jimage.dll
0x00007ff874850000 - 0x00007ff874a92000 	C:\WINDOWS\SYSTEM32\DBGHELP.DLL
0x00007ff885560000 - 0x00007ff8858e5000 	C:\WINDOWS\System32\combase.dll
0x00007ff885be0000 - 0x00007ff885cb6000 	C:\WINDOWS\System32\OLEAUT32.dll
0x00007ff86b7c0000 - 0x00007ff86b7fc000 	C:\WINDOWS\SYSTEM32\dbgcore.DLL
0x00007ff884fb0000 - 0x00007ff885055000 	C:\WINDOWS\System32\bcryptPrimitives.dll
0x00007ff84bae0000 - 0x00007ff84bb00000 	C:\Program Files\Android\Android Studio\jbr\bin\java.dll

dbghelp: loaded successfully - version: 4.0.5 - missing functions: none
symbol engine: initialized successfully - sym options: 0x614 - pdb path: .;C:\Program Files\Android\Android Studio\jbr\bin;C:\WINDOWS\SYSTEM32;C:\WINDOWS\WinSxS\amd64_microsoft.windows.common-controls_6595b64144ccf1df_6.0.26100.7309_none_3e05feeae336a044;C:\Program Files\Android\Android Studio\jbr\bin\server

VM Arguments:
java_command: org.jetbrains.kotlin.cli.jvm.K2JVMCompiler @C:\Users\osama\AndroidStudioProjects\appptc\app\build\20260109_15583824896870623547.compiler.options
java_class_path (initial): C:\Users\osama\.gradle\caches\modules-2\files-2.1\org.jetbrains.kotlin\kotlin-compiler-embeddable\2.0.21\79346ed53db48b18312a472602eb5c057070c54d\kotlin-compiler-embeddable-2.0.21.jar;C:\Users\osama\.gradle\caches\modules-2\files-2.1\org.jetbrains.kotlin\kotlin-stdlib\2.0.21\618b539767b4899b4660a83006e052b63f1db551\kotlin-stdlib-2.0.21.jar;C:\Users\osama\.gradle\caches\modules-2\files-2.1\org.jetbrains.kotlin\kotlin-script-runtime\2.0.21\c9b044380ad41f89aa89aa896c2d32a8c0b2129d\kotlin-script-runtime-2.0.21.jar;C:\Users\osama\.gradle\caches\modules-2\files-2.1\org.jetbrains.kotlin\kotlin-reflect\1.6.10\1cbe9c92c12a94eea200d23c2bbaedaf3daf5132\kotlin-reflect-1.6.10.jar;C:\Users\osama\.gradle\caches\modules-2\files-2.1\org.jetbrains.kotlin\kotlin-daemon-embeddable\2.0.21\c9e933b23287de9b5a17e2116b4657bb91aea72c\kotlin-daemon-embeddable-2.0.21.jar;C:\Users\osama\.gradle\caches\modules-2\files-2.1\org.jetbrains.intellij.deps\trove4j\1.0.20200330\3afb14d5f9ceb459d724e907a21145e8ff394f02\trove4j-1.0.20200330.jar;C:\Users\osama\.gradle\caches\modules-2\files-2.1\org.jetbrains.kotlinx\kotlinx-coroutines-core-jvm\1.6.4\2c997cd1c0ef33f3e751d3831929aeff1390cb30\kotlinx-coroutines-core-jvm-1.6.4.jar;C:\Users\osama\.gradle\caches\modules-2\files-2.1\org.jetbrains\annotations\13.0\919f0dfe192fb4e063e7dacadee7f8bb9a2672a9\annotations-13.0.jar
Launcher Type: SUN_STANDARD

[Global flags]
     intx CICompilerCount                          = 4                                         {product} {ergonomic}
     uint ConcGCThreads                            = 2                                         {product} {ergonomic}
     uint G1ConcRefinementThreads                  = 8                                         {product} {ergonomic}
   size_t G1HeapRegionSize                         = 2097152                                   {product} {ergonomic}
    uintx GCDrainStackTargetSize                   = 64                                        {product} {ergonomic}
   size_t InitialHeapSize                          = 266338304                                 {product} {ergonomic}
   size_t MarkStackSize                            = 4194304                                   {product} {ergonomic}
   size_t MaxHeapSize                              = 4244635648                                {product} {ergonomic}
   size_t MinHeapDeltaBytes                        = 2097152                                   {product} {ergonomic}
   size_t MinHeapSize                              = 8388608                                   {product} {ergonomic}
    uintx NonNMethodCodeHeapSize                   = 5839372                                {pd product} {ergonomic}
    uintx NonProfiledCodeHeapSize                  = 122909434                              {pd product} {ergonomic}
    uintx ProfiledCodeHeapSize                     = 122909434                              {pd product} {ergonomic}
    uintx ReservedCodeCacheSize                    = 251658240                              {pd product} {ergonomic}
     bool SegmentedCodeCache                       = true                                      {product} {ergonomic}
   size_t SoftMaxHeapSize                          = 4244635648                             {manageable} {ergonomic}
     bool UseCompressedOops                        = true                           {product lp64_product} {ergonomic}
     bool UseG1GC                                  = true                                      {product} {ergonomic}
     bool UseLargePagesIndividualAllocation        = false                                  {pd product} {ergonomic}

Logging:
Log output configuration:
 #0: stdout all=warning uptime,level,tags foldmultilines=false
 #1: stderr all=off uptime,level,tags foldmultilines=false

Environment Variables:
JAVA_HOME=C:\Program Files\Eclipse Adoptium\jdk-17.0.16.8-hotspot
PATH=C:\Program Files\Eclipse Adoptium\jdk-17.0.16.8-hotspot\bin;C:\WINDOWS\system32;C:\WINDOWS;C:\WINDOWS\System32\Wbem;C:\WINDOWS\System32\WindowsPowerShell\v1.0\;C:\WINDOWS\System32\OpenSSH\;C:\Program Files\Git\cmd;C:\flutter\bin;C:\Users\osama\AppData\Local\Pub\Cache\bin;C:\Program Files\nodejs\;C:\Program Files\Eclipse Adoptium\jdk-17.0.16.8-hotspot\bin;C:\ProgramData\chocolatey\bin;C:\Program Files (x86)\Google\Cloud SDK\google-cloud-sdk\bin;C:\Users\osama\AppData\Local\Programs\Python\Python313\Scripts\;C:\Users\osama\AppData\Local\Programs\Python\Python313\;C:\Users\osama\AppData\Local\Microsoft\WindowsApps;C:\Users\osama\AppData\Local\Programs\Microsoft VS Code\bin;C:\flutter\bin;C:\Users\osama\AppData\Local\Pub\Cache\bin;C:\Users\osama\AppData\Roaming\npm
USERNAME=osama
OS=Windows_NT
PROCESSOR_IDENTIFIER=Intel64 Family 6 Model 142 Stepping 12, GenuineIntel
TMP=C:\Users\osama\AppData\Local\Temp
TEMP=C:\Users\osama\AppData\Local\Temp




Periodic native trim disabled

JNI global refs:
JNI global refs: 0, weak refs: 0

JNI global refs memory usage: 0, weak refs: 0

Process memory usage:
Resident Set Size: 13004K (0% of 16578848K total physical memory with 2302408K free physical memory)

OOME stack traces (most recent first):
Classloader memory used:

---------------  S Y S T E M  ---------------

OS:
 Windows 11 , 64 bit Build 26100 (10.0.26100.7309)
OS uptime: 0 days 5:42 hours
Hyper-V role detected

CPU: total 8 (initial active 8) (4 cores per cpu, 2 threads per core) family 6 model 142 stepping 12 microcode 0x100, cx8, cmov, fxsr, ht, mmx, 3dnowpref, sse, sse2, sse3, ssse3, sse4.1, sse4.2, popcnt, lzcnt, tsc, tscinvbit, avx, avx2, aes, erms, clmul, bmi1, bmi2, adx, fma, vzeroupper, clflush, clflushopt, hv, rdtscp, f16c
Processor Information for the first 8 processors :
  Max Mhz: 1800, Current Mhz: 1600, Mhz Limit: 1584

Memory: 4k page, system-wide physical 16190M (2248M free)
TotalPageFile size 19836M (AvailPageFile size 217M)
current process WorkingSet (physical memory assigned to process): 12M, peak: 12M
current process commit charge ("private bytes"): 60M, peak: 314M

vm_info: OpenJDK 64-Bit Server VM (21.0.7+-13880790-b1038.58) for windows-amd64 JRE (21.0.7+-13880790-b1038.58), built on 2025-08-04T20:56:21Z by "builder" with MS VC++ 16.10 / 16.11 (VS2019)

END.
